Flow report for clockmyself
Thu Oct 01 16:05:28 2020
Version 6.0 Build 178 04/27/2006 SJ Web Edition


---------------------
; Table of Contents ;
---------------------
  1. Legal Notice
  2. Flow Summary
  3. Flow Settings
  4. Flow Non-Default Global Settings
  5. Flow Elapsed Time
  6. Flow Log



----------------
; Legal Notice ;
----------------
Copyright (C) 1991-2006 Altera Corporation
Your use of Altera Corporation's design tools, logic functions 
and other software and tools, and its AMPP partner logic 
functions, and any output files any of the foregoing 
(including device programming or simulation files), and any 
associated documentation or information are expressly subject 
to the terms and conditions of the Altera Program License 
Subscription Agreement, Altera MegaCore Function License 
Agreement, or other applicable license agreement, including, 
without limitation, that your use is for the sole purpose of 
programming logic devices manufactured by Altera and sold by 
Altera or its authorized distributors.  Please refer to the 
applicable agreement for further details.



+------------------------------------------------------------------------------+
; Flow Summary                                                                 ;
+------------------------------------+-----------------------------------------+
; Flow Status                        ; Successful - Thu Oct 01 16:05:28 2020   ;
; Quartus II Version                 ; 6.0 Build 178 04/27/2006 SJ Web Edition ;
; Revision Name                      ; clockmyself                             ;
; Top-level Entity Name              ; clockmyself                             ;
; Family                             ; Cyclone II                              ;
; Device                             ; EP2C35F672C6                            ;
; Timing Models                      ; Final                                   ;
; Met timing requirements            ; No                                      ;
; Total logic elements               ; 702 / 33,216 ( 2 % )                    ;
; Total registers                    ; 294                                     ;
; Total pins                         ; 73 / 475 ( 15 % )                       ;
; Total virtual pins                 ; 0                                       ;
; Total memory bits                  ; 0 / 483,840 ( 0 % )                     ;
; Embedded Multiplier 9-bit elements ; 0 / 70 ( 0 % )                          ;
; Total PLLs                         ; 0 / 4 ( 0 % )                           ;
+------------------------------------+-----------------------------------------+


+-----------------------------------------+
; Flow Settings                           ;
+-------------------+---------------------+
; Option            ; Setting             ;
+-------------------+---------------------+
; Start date & time ; 10/01/2020 16:05:09 ;
; Main task         ; Compilation         ;
; Revision Name     ; clockmyself         ;
+-------------------+---------------------+


+--------------------------------------------------------------------+
; Flow Non-Default Global Settings                                   ;
+-----------------+-------+---------------+-------------+------------+
; Assignment Name ; Value ; Default Value ; Entity Name ; Section Id ;
+-----------------+-------+---------------+-------------+------------+


+-------------------------------------+
; Flow Elapsed Time                   ;
+----------------------+--------------+
; Module Name          ; Elapsed Time ;
+----------------------+--------------+
; Analysis & Synthesis ; 00:00:02     ;
; Fitter               ; 00:00:05     ;
; Assembler            ; 00:00:04     ;
; Timing Analyzer      ; 00:00:00     ;
; Total                ; 00:00:11     ;
+----------------------+--------------+


------------
; Flow Log ;
------------
quartus_map --read_settings_files=on --write_settings_files=off clockmyself -c clockmyself
quartus_fit --read_settings_files=off --write_settings_files=off clockmyself -c clockmyself
quartus_asm --read_settings_files=off --write_settings_files=off clockmyself -c clockmyself
quartus_tan --read_settings_files=off --write_settings_files=off clockmyself -c clockmyself --timing_analysis_only



